2018-11-23T16:27:05.984+0800 I STORAGE  [initandlisten] 
2018-11-23T16:27:05.984+0800 I STORAGE  [initandlisten] ** WARNING: Readahead for /data/db is set to 4096KB
2018-11-23T16:27:05.984+0800 I STORAGE  [initandlisten] **          We suggest setting it to 256KB (512 sectors) or less
2018-11-23T16:27:05.984+0800 I STORAGE  [initandlisten] **          http://dochub.mongodb.org/core/readahead
2018-11-23T16:27:05.984+0800 I JOURNAL  [initandlisten] journal dir=/data/db/journal
2018-11-23T16:27:05.985+0800 I JOURNAL  [initandlisten] recover : no journal files present, no recovery needed
2018-11-23T16:27:06.392+0800 I JOURNAL  [initandlisten] preallocateIsFaster=true 2.7
2018-11-23T16:27:06.692+0800 I JOURNAL  [initandlisten] preallocateIsFaster=true 2.96
2018-11-23T16:27:07.908+0800 I JOURNAL  [initandlisten] preallocateIsFaster=true 2.16
2018-11-23T16:27:07.908+0800 I JOURNAL  [initandlisten] preallocating a journal file /data/db/journal/prealloc.0
2018-11-23T16:27:10.070+0800 I -        [initandlisten]   File Preallocator Progress: 639631360/1073741824 59%
2018-11-23T16:27:13.326+0800 I -        [initandlisten]   File Preallocator Progress: 1048576000/1073741824 97%
2018-11-23T16:27:15.304+0800 I JOURNAL  [initandlisten] preallocating a journal file /data/db/journal/prealloc.1
2018-11-23T16:27:35.019+0800 I STORAGE  [initandlisten] exception in initAndListen: 98 Unable to lock file: /data/db/mongod.lock errno:11 Resource temporarily unavailable. Is a mongod instance already running?, terminating
2018-11-23T16:27:35.026+0800 I CONTROL  [initandlisten] dbexit:  rc: 100
2018-11-23T16:30:06.201+0800 I -        [initandlisten]   File Preallocator Progress: 650117120/1073741824 60%
2018-11-23T16:30:06.209+0800 I CONTROL  [signalProcessingThread] got signal 1 (Hangup), will terminate after current cmd ends
2018-11-23T16:30:06.229+0800 I CONTROL  [signalProcessingThread] now exiting
2018-11-23T16:30:06.229+0800 I NETWORK  [signalProcessingThread] shutdown: going to close listening sockets...
2018-11-23T16:30:06.229+0800 I NETWORK  [signalProcessingThread] removing socket file: /tmp/mongodb-27017.sock
2018-11-23T16:30:06.229+0800 I NETWORK  [signalProcessingThread] shutdown: going to flush diaglog...
2018-11-23T16:30:06.229+0800 I NETWORK  [signalProcessingThread] shutdown: going to close sockets...
2018-11-23T16:30:06.229+0800 I STORAGE  [signalProcessingThread] shutdown: waiting for fs preallocator...
2018-11-23T16:30:06.229+0800 I STORAGE  [signalProcessingThread] shutdown: final commit...
2018-11-23T16:30:06.229+0800 I STORAGE  [signalProcessingThread] shutdown: closing all files...
2018-11-23T16:30:06.229+0800 I STORAGE  [signalProcessingThread] closeAllFiles() finished
2018-11-23T16:30:06.229+0800 I STORAGE  [signalProcessingThread] shutdown: removing fs lock...
2018-11-23T16:30:06.229+0800 I CONTROL  [signalProcessingThread] dbexit:  rc: 0
